22:20:03.425 INFO  Loading C:\Program Files (x86)\Steam\steamapps\sourcemods\zloylife\maps\d1_canals_06.bsp
22:20:04.009 INFO  Using 'DStaticPropV5' for sprp version 5
22:20:04.078 WARN  Tried reading lump 'LUMP_DISP_MULTIBLEND', but it is not supported by the bsp's version
22:20:04.113 WARN  Tried reading lump 'LUMP_OVERLAY_FADES', but it is not supported by the bsp's version
22:20:04.114 WARN  Tried reading lump 'LUMP_OVERLAY_SYSTEM_LEVELS', but it is not supported by the bsp's version
22:20:04.114 WARN  Tried reading lump 'LUMP_MAP_FLAGS', but it is not supported by the bsp's version
22:20:04.141 INFO  BSP version: 19
22:20:04.142 INFO  Game: Half-Life 2
22:20:04.149 INFO  Equal amount of areaporal entities and areaportal brushes. Using 'Ordered' method
22:20:04.156 INFO  Unequal amount of occluder faces and occluder brush faces. Falling back to 'Manual' method
22:20:04.364 INFO  5767 (29.6%) exact brushside->origface matches
22:20:04.365 INFO  70/277 (nondisp/disp) original faces left after exact brushside->origface matching
22:20:04.564 INFO  194 (1.0%) partial brushside->origface matches
22:20:04.564 INFO  Writing brushes and planes
22:20:04.773 INFO  Writing displacements
22:20:04.877 INFO  Writing entities
22:20:05.115 INFO  Writing func_details
22:20:06.113 INFO  Writing info_overlays
22:20:06.114 INFO  Writing prop_statics
22:20:06.133 INFO  Writing env_cubemaps
22:20:06.133 INFO  Writing func_ladders
22:20:06.134 INFO  Finished decompiling C:\Program Files (x86)\Steam\steamapps\sourcemods\zloylife\maps\d1_canals_06.bsp.
