22:20:04.026 INFO  Loading C:\Program Files (x86)\Steam\steamapps\sourcemods\zloylife\maps\d1_canals_09.bsp
22:20:04.256 INFO  Using 'DStaticPropV5' for sprp version 5
22:20:04.336 WARN  Tried reading lump 'LUMP_DISP_MULTIBLEND', but it is not supported by the bsp's version
22:20:04.340 WARN  Tried reading lump 'LUMP_OVERLAY_FADES', but it is not supported by the bsp's version
22:20:04.340 WARN  Tried reading lump 'LUMP_OVERLAY_SYSTEM_LEVELS', but it is not supported by the bsp's version
22:20:04.340 WARN  Tried reading lump 'LUMP_MAP_FLAGS', but it is not supported by the bsp's version
22:20:04.341 INFO  BSP version: 19
22:20:04.341 INFO  Game: Half-Life 2
22:20:04.346 INFO  Equal amount of areaporal entities and areaportal brushes. Using 'Ordered' method
22:20:04.352 INFO  No occluders to reallocate...
22:20:04.729 INFO  4888 (15.1%) exact brushside->origface matches
22:20:04.730 INFO  23/305 (nondisp/disp) original faces left after exact brushside->origface matching
22:20:04.765 INFO  130 (0.4%) partial brushside->origface matches
22:20:04.766 INFO  Writing brushes and planes
22:20:05.174 INFO  Writing displacements
22:20:05.641 INFO  Writing entities
22:20:05.862 INFO  Writing func_details
22:20:06.648 INFO  Writing info_overlays
22:20:06.648 INFO  Writing prop_statics
22:20:06.661 INFO  Writing env_cubemaps
22:20:06.662 INFO  Writing func_ladders
22:20:06.665 INFO  Finished decompiling C:\Program Files (x86)\Steam\steamapps\sourcemods\zloylife\maps\d1_canals_09.bsp.
