22:20:06.135 INFO  Loading C:\Program Files (x86)\Steam\steamapps\sourcemods\zloylife\maps\d1_canals_12.bsp
22:20:06.379 INFO  Using 'DStaticPropV5' for sprp version 5
22:20:06.450 WARN  Tried reading lump 'LUMP_DISP_MULTIBLEND', but it is not supported by the bsp's version
22:20:06.460 WARN  Tried reading lump 'LUMP_OVERLAY_FADES', but it is not supported by the bsp's version
22:20:06.460 WARN  Tried reading lump 'LUMP_OVERLAY_SYSTEM_LEVELS', but it is not supported by the bsp's version
22:20:06.461 WARN  Tried reading lump 'LUMP_MAP_FLAGS', but it is not supported by the bsp's version
22:20:06.461 INFO  BSP version: 19
22:20:06.461 INFO  Game: Half-Life 2
22:20:06.468 INFO  Equal amount of areaporal entities and areaportal brushes. Using 'Ordered' method
22:20:06.472 INFO  Unequal amount of occluder faces and occluder brush faces. Falling back to 'Manual' method
22:20:06.756 INFO  7130 (18.8%) exact brushside->origface matches
22:20:06.756 INFO  59/106 (nondisp/disp) original faces left after exact brushside->origface matching
22:20:06.797 INFO  301 (0.8%) partial brushside->origface matches
22:20:06.797 INFO  Writing brushes and planes
22:20:06.911 INFO  Writing displacements
22:20:07.228 INFO  Writing entities
22:20:07.275 INFO  Writing func_details
22:20:08.114 INFO  Writing info_overlays
22:20:08.114 INFO  Writing prop_statics
22:20:08.124 INFO  Writing env_cubemaps
22:20:08.124 INFO  Writing func_ladders
22:20:08.125 INFO  Finished decompiling C:\Program Files (x86)\Steam\steamapps\sourcemods\zloylife\maps\d1_canals_12.bsp.
