22:20:02.606 INFO  Loading C:\Program Files (x86)\Steam\steamapps\sourcemods\zloylife\maps\d1_canals_05.bsp
22:20:02.860 INFO  Using 'DStaticPropV5' for sprp version 5
22:20:02.887 WARN  Tried reading lump 'LUMP_DISP_MULTIBLEND', but it is not supported by the bsp's version
22:20:02.892 WARN  Tried reading lump 'LUMP_OVERLAY_FADES', but it is not supported by the bsp's version
22:20:02.892 WARN  Tried reading lump 'LUMP_OVERLAY_SYSTEM_LEVELS', but it is not supported by the bsp's version
22:20:02.893 WARN  Tried reading lump 'LUMP_MAP_FLAGS', but it is not supported by the bsp's version
22:20:02.893 INFO  BSP version: 19
22:20:02.894 INFO  Game: Half-Life 2
22:20:02.905 INFO  Equal amount of areaporal entities and areaportal brushes. Using 'Ordered' method
22:20:02.911 INFO  Unequal amount of occluder faces and occluder brush faces. Falling back to 'Manual' method
22:20:03.134 INFO  5612 (28.0%) exact brushside->origface matches
22:20:03.135 INFO  32/104 (nondisp/disp) original faces left after exact brushside->origface matching
22:20:03.220 INFO  157 (0.8%) partial brushside->origface matches
22:20:03.220 INFO  Writing brushes and planes
22:20:03.728 INFO  Writing displacements
22:20:03.770 INFO  Writing entities
22:20:03.860 INFO  Writing func_details
22:20:04.186 INFO  Writing info_overlays
22:20:04.193 INFO  Writing prop_statics
22:20:04.217 INFO  Writing env_cubemaps
22:20:04.218 INFO  Writing func_ladders
22:20:04.223 INFO  Finished decompiling C:\Program Files (x86)\Steam\steamapps\sourcemods\zloylife\maps\d1_canals_05.bsp.
