22:20:03.425 INFO  Loading C:\Program Files (x86)\Steam\steamapps\sourcemods\zloylife\maps\d1_canals_07.bsp
22:20:04.152 INFO  Using 'DStaticPropV5' for sprp version 5
22:20:04.262 WARN  Tried reading lump 'LUMP_DISP_MULTIBLEND', but it is not supported by the bsp's version
22:20:04.298 WARN  Tried reading lump 'LUMP_OVERLAY_FADES', but it is not supported by the bsp's version
22:20:04.298 WARN  Tried reading lump 'LUMP_OVERLAY_SYSTEM_LEVELS', but it is not supported by the bsp's version
22:20:04.298 WARN  Tried reading lump 'LUMP_MAP_FLAGS', but it is not supported by the bsp's version
22:20:04.304 INFO  BSP version: 19
22:20:04.305 INFO  Game: Half-Life 2
22:20:04.314 INFO  Equal amount of areaporal entities and areaportal brushes. Using 'Ordered' method
22:20:04.322 INFO  Unequal amount of occluder faces and occluder brush faces. Falling back to 'Manual' method
22:20:04.638 INFO  6719 (28.7%) exact brushside->origface matches
22:20:04.638 INFO  41/296 (nondisp/disp) original faces left after exact brushside->origface matching
22:20:04.665 INFO  344 (1.5%) partial brushside->origface matches
22:20:04.665 INFO  Writing brushes and planes
22:20:05.201 INFO  Writing displacements
22:20:05.556 INFO  Writing entities
22:20:05.868 INFO  Writing func_details
22:20:06.522 INFO  Writing info_overlays
22:20:06.523 INFO  Writing prop_statics
22:20:06.578 INFO  Writing env_cubemaps
22:20:06.579 INFO  Writing func_ladders
22:20:06.582 INFO  Finished decompiling C:\Program Files (x86)\Steam\steamapps\sourcemods\zloylife\maps\d1_canals_07.bsp.
