22:20:02.456 INFO  Loading C:\Program Files (x86)\Steam\steamapps\sourcemods\zloylife\maps\d1_canals_03.bsp
22:20:02.783 INFO  Using 'DStaticPropV5' for sprp version 5
22:20:02.828 WARN  Lump LUMP_CLIPPORTALVERTS is empty
22:20:02.830 WARN  Tried reading lump 'LUMP_DISP_MULTIBLEND', but it is not supported by the bsp's version
22:20:02.856 WARN  Tried reading lump 'LUMP_OVERLAY_FADES', but it is not supported by the bsp's version
22:20:02.857 WARN  Tried reading lump 'LUMP_OVERLAY_SYSTEM_LEVELS', but it is not supported by the bsp's version
22:20:02.857 WARN  Tried reading lump 'LUMP_MAP_FLAGS', but it is not supported by the bsp's version
22:20:02.862 INFO  BSP version: 19
22:20:02.863 INFO  Game: Half-Life 2
22:20:02.912 INFO  No areaportals to reallocate...
22:20:02.930 INFO  No occluders to reallocate...
22:20:03.218 INFO  7211 (31.4%) exact brushside->origface matches
22:20:03.219 INFO  15/20 (nondisp/disp) original faces left after exact brushside->origface matching
22:20:03.321 INFO  346 (1.5%) partial brushside->origface matches
22:20:03.321 INFO  Writing brushes and planes
22:20:03.996 INFO  Writing displacements
22:20:04.007 INFO  Writing entities
22:20:04.116 INFO  Writing func_details
22:20:04.804 INFO  Writing info_overlays
22:20:04.805 INFO  Writing prop_statics
22:20:04.820 INFO  Writing env_cubemaps
22:20:04.823 INFO  Writing func_ladders
22:20:04.824 INFO  Finished decompiling C:\Program Files (x86)\Steam\steamapps\sourcemods\zloylife\maps\d1_canals_03.bsp.
