22:19:59.906 INFO  Loading C:\Program Files (x86)\Steam\steamapps\sourcemods\zloylife\maps\d1_canals_01.bsp
22:20:00.449 INFO  Using 'DStaticPropV5' for sprp version 5
22:20:00.456 WARN  Tried reading lump 'LUMP_DISP_MULTIBLEND', but it is not supported by the bsp's version
22:20:00.461 WARN  Tried reading lump 'LUMP_OVERLAY_FADES', but it is not supported by the bsp's version
22:20:00.461 WARN  Tried reading lump 'LUMP_OVERLAY_SYSTEM_LEVELS', but it is not supported by the bsp's version
22:20:00.461 WARN  Tried reading lump 'LUMP_MAP_FLAGS', but it is not supported by the bsp's version
22:20:00.462 INFO  BSP version: 19
22:20:00.462 INFO  Game: Half-Life 2
22:20:00.473 INFO  Equal amount of areaporal entities and areaportal brushes. Using 'Ordered' method
22:20:00.477 INFO  No occluders to reallocate...
22:20:00.882 INFO  5179 (32.4%) exact brushside->origface matches
22:20:00.882 INFO  1/38 (nondisp/disp) original faces left after exact brushside->origface matching
22:20:01.139 INFO  353 (2.2%) partial brushside->origface matches
22:20:01.139 INFO  Writing brushes and planes
22:20:01.541 INFO  Writing displacements
22:20:01.564 INFO  Writing entities
22:20:01.744 INFO  Writing func_details
22:20:02.437 INFO  Writing info_overlays
22:20:02.437 INFO  Writing prop_statics
22:20:02.451 INFO  Writing env_cubemaps
22:20:02.454 INFO  Writing func_ladders
22:20:02.455 INFO  Finished decompiling C:\Program Files (x86)\Steam\steamapps\sourcemods\zloylife\maps\d1_canals_01.bsp.
