22:20:04.825 INFO  Loading C:\Program Files (x86)\Steam\steamapps\sourcemods\zloylife\maps\d1_canals_11.bsp
22:20:05.091 INFO  Using 'DStaticPropV5' for sprp version 5
22:20:05.125 WARN  Tried reading lump 'LUMP_DISP_MULTIBLEND', but it is not supported by the bsp's version
22:20:05.143 WARN  Tried reading lump 'LUMP_OVERLAY_FADES', but it is not supported by the bsp's version
22:20:05.143 WARN  Tried reading lump 'LUMP_OVERLAY_SYSTEM_LEVELS', but it is not supported by the bsp's version
22:20:05.144 WARN  Tried reading lump 'LUMP_MAP_FLAGS', but it is not supported by the bsp's version
22:20:05.144 INFO  BSP version: 19
22:20:05.144 INFO  Game: Half-Life 2
22:20:05.156 INFO  Unequal amount of areaporal entities and areaportal brushes. Falling back to 'Manual' method
22:20:05.166 INFO  Unequal amount of occluder faces and occluder brush faces. Falling back to 'Manual' method
22:20:05.877 INFO  6772 (20.2%) exact brushside->origface matches
22:20:05.885 INFO  54/329 (nondisp/disp) original faces left after exact brushside->origface matching
22:20:06.027 INFO  171 (0.5%) partial brushside->origface matches
22:20:06.028 INFO  Writing brushes and planes
22:20:06.181 INFO  Writing displacements
22:20:06.411 INFO  Writing entities
22:20:06.516 WARN  func_areaportal links to non existing areaportal or has invalid geometry, skipping...
22:20:06.522 INFO  Writing func_details
22:20:07.548 INFO  Writing info_overlays
22:20:07.549 INFO  Writing prop_statics
22:20:07.557 INFO  Writing env_cubemaps
22:20:07.557 INFO  Writing func_ladders
22:20:07.558 INFO  Finished decompiling C:\Program Files (x86)\Steam\steamapps\sourcemods\zloylife\maps\d1_canals_11.bsp.
