22:20:02.445 INFO  Loading C:\Program Files (x86)\Steam\steamapps\sourcemods\zloylife\maps\d1_canals_02.bsp
22:20:02.679 INFO  Using 'DStaticPropV5' for sprp version 5
22:20:02.686 WARN  Tried reading lump 'LUMP_DISP_MULTIBLEND', but it is not supported by the bsp's version
22:20:02.693 WARN  Lump LUMP_OVERLAYS is empty
22:20:02.694 WARN  Tried reading lump 'LUMP_OVERLAY_FADES', but it is not supported by the bsp's version
22:20:02.694 WARN  Tried reading lump 'LUMP_OVERLAY_SYSTEM_LEVELS', but it is not supported by the bsp's version
22:20:02.694 WARN  Tried reading lump 'LUMP_MAP_FLAGS', but it is not supported by the bsp's version
22:20:02.695 INFO  BSP version: 19
22:20:02.695 INFO  Game: Half-Life 2
22:20:02.700 INFO  Equal amount of areaporal entities and areaportal brushes. Using 'Ordered' method
22:20:02.702 INFO  Unequal amount of occluder faces and occluder brush faces. Falling back to 'Manual' method
22:20:02.812 INFO  2418 (26.7%) exact brushside->origface matches
22:20:02.813 INFO  10/25 (nondisp/disp) original faces left after exact brushside->origface matching
22:20:02.850 INFO  64 (0.7%) partial brushside->origface matches
22:20:02.850 INFO  Writing brushes and planes
22:20:03.104 INFO  Writing displacements
22:20:03.117 INFO  Writing entities
22:20:03.146 INFO  Writing func_details
22:20:03.328 INFO  Writing info_overlays
22:20:03.329 INFO  Writing prop_statics
22:20:03.375 INFO  Writing env_cubemaps
22:20:03.376 INFO  Writing func_ladders
22:20:03.377 INFO  Finished decompiling C:\Program Files (x86)\Steam\steamapps\sourcemods\zloylife\maps\d1_canals_02.bsp.
