22:20:06.645 INFO  Loading C:\Program Files (x86)\Steam\steamapps\sourcemods\zloylife\maps\d1_eli_02.bsp
22:20:08.002 INFO  Using 'DStaticPropV5' for sprp version 5
22:20:08.051 WARN  Tried reading lump 'LUMP_DISP_MULTIBLEND', but it is not supported by the bsp's version
22:20:08.166 WARN  Tried reading lump 'LUMP_OVERLAY_FADES', but it is not supported by the bsp's version
22:20:08.166 WARN  Tried reading lump 'LUMP_OVERLAY_SYSTEM_LEVELS', but it is not supported by the bsp's version
22:20:08.167 WARN  Tried reading lump 'LUMP_MAP_FLAGS', but it is not supported by the bsp's version
22:20:08.167 INFO  BSP version: 19
22:20:08.272 INFO  Game: Half-Life 2
22:20:08.276 INFO  Equal amount of areaporal entities and areaportal brushes. Using 'Ordered' method
22:20:08.279 INFO  Unequal amount of occluder faces and occluder brush faces. Falling back to 'Manual' method
22:20:08.356 INFO  5063 (26.1%) exact brushside->origface matches
22:20:08.356 INFO  2/121 (nondisp/disp) original faces left after exact brushside->origface matching
22:20:08.373 INFO  207 (1.1%) partial brushside->origface matches
22:20:08.373 INFO  Writing brushes and planes
22:20:08.778 INFO  Writing displacements
22:20:08.816 INFO  Writing entities
22:20:09.077 INFO  Writing func_details
22:20:09.176 INFO  Writing info_overlays
22:20:09.177 INFO  Writing prop_statics
22:20:09.184 INFO  Writing env_cubemaps
22:20:09.185 INFO  Writing func_ladders
22:20:09.185 INFO  Finished decompiling C:\Program Files (x86)\Steam\steamapps\sourcemods\zloylife\maps\d1_eli_02.bsp.
