22:20:10.885 INFO  Loading C:\Program Files (x86)\Steam\steamapps\sourcemods\zloylife\maps\d1_trainstation_03.bsp
22:20:12.126 INFO  Using 'DStaticPropV5' for sprp version 5
22:20:12.150 WARN  Tried reading lump 'LUMP_DISP_MULTIBLEND', but it is not supported by the bsp's version
22:20:12.411 WARN  Tried reading lump 'LUMP_OVERLAY_FADES', but it is not supported by the bsp's version
22:20:12.412 WARN  Tried reading lump 'LUMP_OVERLAY_SYSTEM_LEVELS', but it is not supported by the bsp's version
22:20:12.412 WARN  Tried reading lump 'LUMP_MAP_FLAGS', but it is not supported by the bsp's version
22:20:12.425 INFO  BSP version: 19
22:20:12.425 INFO  Game: Half-Life 2
22:20:12.439 INFO  Equal amount of areaporal entities and areaportal brushes. Using 'Ordered' method
22:20:12.442 INFO  No occluders to reallocate...
22:20:12.505 INFO  4022 (28.8%) exact brushside->origface matches
22:20:12.506 INFO  0/2 (nondisp/disp) original faces left after exact brushside->origface matching
22:20:12.525 INFO  224 (1.6%) partial brushside->origface matches
22:20:12.525 INFO  Writing brushes and planes
22:20:13.004 INFO  Writing displacements
22:20:13.005 INFO  Writing entities
22:20:13.090 INFO  Writing func_details
22:20:13.461 INFO  Writing info_overlays
22:20:13.466 INFO  Writing prop_statics
22:20:13.471 INFO  Writing env_cubemaps
22:20:13.472 INFO  Writing func_ladders
22:20:13.472 INFO  Finished decompiling C:\Program Files (x86)\Steam\steamapps\sourcemods\zloylife\maps\d1_trainstation_03.bsp.
