22:20:11.574 INFO  Loading C:\Program Files (x86)\Steam\steamapps\sourcemods\zloylife\maps\d1_trainstation_05.bsp
22:20:12.429 INFO  Using 'DStaticPropV5' for sprp version 5
22:20:12.665 WARN  Tried reading lump 'LUMP_DISP_MULTIBLEND', but it is not supported by the bsp's version
22:20:12.724 WARN  Tried reading lump 'LUMP_OVERLAY_FADES', but it is not supported by the bsp's version
22:20:12.724 WARN  Tried reading lump 'LUMP_OVERLAY_SYSTEM_LEVELS', but it is not supported by the bsp's version
22:20:12.724 WARN  Tried reading lump 'LUMP_MAP_FLAGS', but it is not supported by the bsp's version
22:20:12.725 INFO  BSP version: 19
22:20:12.725 INFO  Game: Half-Life 2
22:20:12.731 INFO  Equal amount of areaporal entities and areaportal brushes. Using 'Ordered' method
22:20:12.734 INFO  No occluders to reallocate...
22:20:12.841 INFO  3842 (31.6%) exact brushside->origface matches
22:20:12.842 INFO  1/54 (nondisp/disp) original faces left after exact brushside->origface matching
22:20:12.855 INFO  168 (1.4%) partial brushside->origface matches
22:20:12.855 INFO  Writing brushes and planes
22:20:13.337 INFO  Writing displacements
22:20:13.390 INFO  Writing entities
22:20:13.505 INFO  Writing func_details
22:20:13.632 INFO  Writing info_overlays
22:20:13.656 INFO  Writing prop_statics
22:20:13.672 INFO  Writing env_cubemaps
22:20:13.673 INFO  Writing func_ladders
22:20:13.673 INFO  Finished decompiling C:\Program Files (x86)\Steam\steamapps\sourcemods\zloylife\maps\d1_trainstation_05.bsp.
