22:20:07.559 INFO  Loading C:\Program Files (x86)\Steam\steamapps\sourcemods\zloylife\maps\d1_town_01a.bsp
22:20:07.917 INFO  Using 'DStaticPropV5' for sprp version 5
22:20:07.933 WARN  Tried reading lump 'LUMP_DISP_MULTIBLEND', but it is not supported by the bsp's version
22:20:07.935 WARN  Tried reading lump 'LUMP_OVERLAY_FADES', but it is not supported by the bsp's version
22:20:07.935 WARN  Tried reading lump 'LUMP_OVERLAY_SYSTEM_LEVELS', but it is not supported by the bsp's version
22:20:07.935 WARN  Tried reading lump 'LUMP_MAP_FLAGS', but it is not supported by the bsp's version
22:20:07.935 INFO  BSP version: 19
22:20:07.936 INFO  Game: Half-Life 2
22:20:07.940 INFO  Equal amount of areaporal entities and areaportal brushes. Using 'Ordered' method
22:20:07.941 INFO  No occluders to reallocate...
22:20:07.967 INFO  1969 (31.8%) exact brushside->origface matches
22:20:07.968 INFO  0/2 (nondisp/disp) original faces left after exact brushside->origface matching
22:20:07.974 INFO  116 (1.9%) partial brushside->origface matches
22:20:07.975 INFO  Writing brushes and planes
22:20:08.085 INFO  Writing displacements
22:20:08.086 INFO  Writing entities
22:20:08.108 INFO  Writing func_details
22:20:08.157 INFO  Writing info_overlays
22:20:08.158 INFO  Writing prop_statics
22:20:08.160 INFO  Writing env_cubemaps
22:20:08.161 INFO  Writing func_ladders
22:20:08.161 INFO  Finished decompiling C:\Program Files (x86)\Steam\steamapps\sourcemods\zloylife\maps\d1_town_01a.bsp.
