22:20:09.474 INFO  Loading C:\Program Files (x86)\Steam\steamapps\sourcemods\zloylife\maps\d1_town_05.bsp
22:20:10.479 INFO  Using 'DStaticPropV5' for sprp version 5
22:20:10.483 WARN  Tried reading lump 'LUMP_DISP_MULTIBLEND', but it is not supported by the bsp's version
22:20:10.486 WARN  Lump LUMP_OVERLAY_SYSTEM_LEVELS is empty
22:20:10.486 INFO  BSP version: 20
22:20:10.486 INFO  Game: Half-Life 2
22:20:10.492 INFO  Equal amount of areaporal entities and areaportal brushes. Using 'Ordered' method
22:20:10.494 INFO  No occluders to reallocate...
22:20:12.883 INFO  2715 (28.7%) exact brushside->origface matches
22:20:12.883 INFO  0/37 (nondisp/disp) original faces left after exact brushside->origface matching
22:20:12.894 INFO  141 (1.5%) partial brushside->origface matches
22:20:12.894 INFO  Writing brushes and planes
22:20:13.538 INFO  Writing displacements
22:20:13.559 INFO  Writing entities
22:20:13.608 INFO  Writing func_details
22:20:13.732 INFO  Writing info_overlays
22:20:13.734 INFO  Writing prop_statics
22:20:13.740 INFO  Writing env_cubemaps
22:20:13.742 INFO  Writing func_ladders
22:20:13.742 INFO  Finished decompiling C:\Program Files (x86)\Steam\steamapps\sourcemods\zloylife\maps\d1_town_05.bsp.
