22:20:07.613 INFO  Loading C:\Program Files (x86)\Steam\steamapps\sourcemods\zloylife\maps\d1_town_02.bsp
22:20:08.338 INFO  Using 'DStaticPropV5' for sprp version 5
22:20:08.651 WARN  Tried reading lump 'LUMP_DISP_MULTIBLEND', but it is not supported by the bsp's version
22:20:09.126 WARN  Tried reading lump 'LUMP_OVERLAY_FADES', but it is not supported by the bsp's version
22:20:09.127 WARN  Tried reading lump 'LUMP_OVERLAY_SYSTEM_LEVELS', but it is not supported by the bsp's version
22:20:09.127 WARN  Tried reading lump 'LUMP_MAP_FLAGS', but it is not supported by the bsp's version
22:20:09.168 INFO  BSP version: 19
22:20:09.169 INFO  Game: Half-Life 2
22:20:09.181 INFO  Equal amount of areaporal entities and areaportal brushes. Using 'Ordered' method
22:20:09.186 INFO  Unequal amount of occluder faces and occluder brush faces. Falling back to 'Manual' method
22:20:09.263 INFO  4974 (28.6%) exact brushside->origface matches
22:20:09.263 INFO  18/52 (nondisp/disp) original faces left after exact brushside->origface matching
22:20:09.287 INFO  349 (2.0%) partial brushside->origface matches
22:20:09.287 INFO  Writing brushes and planes
22:20:09.598 INFO  Writing displacements
22:20:09.613 INFO  Writing entities
22:20:09.717 INFO  Writing func_details
22:20:09.868 INFO  Writing info_overlays
22:20:09.868 INFO  Writing prop_statics
22:20:09.875 INFO  Writing env_cubemaps
22:20:09.876 INFO  Writing func_ladders
22:20:09.876 INFO  Finished decompiling C:\Program Files (x86)\Steam\steamapps\sourcemods\zloylife\maps\d1_town_02.bsp.
