22:20:08.126 INFO  Loading C:\Program Files (x86)\Steam\steamapps\sourcemods\zloylife\maps\d1_town_02a.bsp
22:20:09.408 INFO  Using 'DStaticPropV5' for sprp version 5
22:20:10.251 WARN  Tried reading lump 'LUMP_DISP_MULTIBLEND', but it is not supported by the bsp's version
22:20:10.298 WARN  Tried reading lump 'LUMP_OVERLAY_FADES', but it is not supported by the bsp's version
22:20:10.299 WARN  Tried reading lump 'LUMP_OVERLAY_SYSTEM_LEVELS', but it is not supported by the bsp's version
22:20:10.299 WARN  Tried reading lump 'LUMP_MAP_FLAGS', but it is not supported by the bsp's version
22:20:10.327 INFO  BSP version: 19
22:20:10.327 INFO  Game: Half-Life 2
22:20:10.332 INFO  Equal amount of areaporal entities and areaportal brushes. Using 'Ordered' method
22:20:10.333 INFO  No occluders to reallocate...
22:20:10.377 INFO  2563 (20.6%) exact brushside->origface matches
22:20:10.377 INFO  1/70 (nondisp/disp) original faces left after exact brushside->origface matching
22:20:10.387 INFO  124 (1.0%) partial brushside->origface matches
22:20:10.387 INFO  Writing brushes and planes
22:20:10.680 INFO  Writing displacements
22:20:10.700 INFO  Writing entities
22:20:10.717 INFO  Writing func_details
22:20:10.904 INFO  Writing info_overlays
22:20:10.904 INFO  Writing prop_statics
22:20:10.912 INFO  Writing env_cubemaps
22:20:10.913 INFO  Writing func_ladders
22:20:10.913 INFO  Finished decompiling C:\Program Files (x86)\Steam\steamapps\sourcemods\zloylife\maps\d1_town_02a.bsp.
