22:20:06.666 INFO  Loading C:\Program Files (x86)\Steam\steamapps\sourcemods\zloylife\maps\d1_town_01.bsp
22:20:08.049 INFO  Using 'DStaticPropV5' for sprp version 5
22:20:08.333 WARN  Tried reading lump 'LUMP_DISP_MULTIBLEND', but it is not supported by the bsp's version
22:20:08.589 WARN  Tried reading lump 'LUMP_OVERLAY_FADES', but it is not supported by the bsp's version
22:20:08.589 WARN  Tried reading lump 'LUMP_OVERLAY_SYSTEM_LEVELS', but it is not supported by the bsp's version
22:20:08.589 WARN  Tried reading lump 'LUMP_MAP_FLAGS', but it is not supported by the bsp's version
22:20:08.637 INFO  BSP version: 19
22:20:08.638 INFO  Game: Half-Life 2
22:20:08.648 INFO  Equal amount of areaporal entities and areaportal brushes. Using 'Ordered' method
22:20:08.651 INFO  Unequal amount of occluder faces and occluder brush faces. Falling back to 'Manual' method
22:20:08.722 INFO  6099 (36.2%) exact brushside->origface matches
22:20:08.722 INFO  6/8 (nondisp/disp) original faces left after exact brushside->origface matching
22:20:08.737 INFO  232 (1.4%) partial brushside->origface matches
22:20:08.737 INFO  Writing brushes and planes
22:20:09.185 INFO  Writing displacements
22:20:09.189 INFO  Writing entities
22:20:09.259 INFO  Writing func_details
22:20:09.466 INFO  Writing info_overlays
22:20:09.466 INFO  Writing prop_statics
22:20:09.471 INFO  Writing env_cubemaps
22:20:09.473 INFO  Writing func_ladders
22:20:09.474 INFO  Finished decompiling C:\Program Files (x86)\Steam\steamapps\sourcemods\zloylife\maps\d1_town_01.bsp.
