22:20:09.187 INFO  Loading C:\Program Files (x86)\Steam\steamapps\sourcemods\zloylife\maps\d1_town_04.bsp
22:20:10.297 INFO  Using 'DStaticPropV5' for sprp version 5
22:20:10.421 WARN  Tried reading lump 'LUMP_DISP_MULTIBLEND', but it is not supported by the bsp's version
22:20:10.433 WARN  Tried reading lump 'LUMP_OVERLAY_FADES', but it is not supported by the bsp's version
22:20:10.433 WARN  Tried reading lump 'LUMP_OVERLAY_SYSTEM_LEVELS', but it is not supported by the bsp's version
22:20:10.433 WARN  Tried reading lump 'LUMP_MAP_FLAGS', but it is not supported by the bsp's version
22:20:10.434 INFO  BSP version: 19
22:20:10.434 INFO  Game: Half-Life 2
22:20:10.437 INFO  Equal amount of areaporal entities and areaportal brushes. Using 'Ordered' method
22:20:10.438 INFO  No occluders to reallocate...
22:20:10.467 INFO  2813 (50.6%) exact brushside->origface matches
22:20:10.468 INFO  2/327 (nondisp/disp) original faces left after exact brushside->origface matching
22:20:10.473 INFO  70 (1.3%) partial brushside->origface matches
22:20:10.473 INFO  Writing brushes and planes
22:20:10.597 INFO  Writing displacements
22:20:10.674 INFO  Writing entities
22:20:10.689 INFO  Writing func_details
22:20:10.880 INFO  Writing info_overlays
22:20:10.882 INFO  Writing prop_statics
22:20:10.883 INFO  Writing env_cubemaps
22:20:10.884 INFO  Writing func_ladders
22:20:10.884 INFO  Finished decompiling C:\Program Files (x86)\Steam\steamapps\sourcemods\zloylife\maps\d1_town_04.bsp.
