22:20:08.162 INFO  Loading C:\Program Files (x86)\Steam\steamapps\sourcemods\zloylife\maps\d1_town_03.bsp
22:20:09.409 INFO  Using 'DStaticPropV5' for sprp version 5
22:20:09.977 WARN  Tried reading lump 'LUMP_DISP_MULTIBLEND', but it is not supported by the bsp's version
22:20:10.255 WARN  Tried reading lump 'LUMP_OVERLAY_FADES', but it is not supported by the bsp's version
22:20:10.255 WARN  Tried reading lump 'LUMP_OVERLAY_SYSTEM_LEVELS', but it is not supported by the bsp's version
22:20:10.255 WARN  Tried reading lump 'LUMP_MAP_FLAGS', but it is not supported by the bsp's version
22:20:10.257 INFO  BSP version: 19
22:20:10.257 INFO  Game: Half-Life 2
22:20:10.264 INFO  Equal amount of areaporal entities and areaportal brushes. Using 'Ordered' method
22:20:10.266 INFO  No occluders to reallocate...
22:20:10.314 INFO  3004 (26.8%) exact brushside->origface matches
22:20:10.314 INFO  0/9 (nondisp/disp) original faces left after exact brushside->origface matching
22:20:10.322 INFO  131 (1.2%) partial brushside->origface matches
22:20:10.323 INFO  Writing brushes and planes
22:20:10.494 INFO  Writing displacements
22:20:10.498 INFO  Writing entities
22:20:10.596 INFO  Writing func_details
22:20:10.686 INFO  Writing info_overlays
22:20:10.686 INFO  Writing prop_statics
22:20:10.690 INFO  Writing env_cubemaps
22:20:10.691 INFO  Writing func_ladders
22:20:10.692 INFO  Finished decompiling C:\Program Files (x86)\Steam\steamapps\sourcemods\zloylife\maps\d1_town_03.bsp.
