22:20:17.686 INFO  Loading C:\Program Files (x86)\Steam\steamapps\sourcemods\zloylife\maps\d2_coast_12.bsp
22:20:18.649 INFO  Using 'DStaticPropV5' for sprp version 5
22:20:18.776 WARN  Tried reading lump 'LUMP_DISP_MULTIBLEND', but it is not supported by the bsp's version
22:20:18.848 WARN  Tried reading lump 'LUMP_OVERLAY_FADES', but it is not supported by the bsp's version
22:20:18.848 WARN  Tried reading lump 'LUMP_OVERLAY_SYSTEM_LEVELS', but it is not supported by the bsp's version
22:20:18.848 WARN  Tried reading lump 'LUMP_MAP_FLAGS', but it is not supported by the bsp's version
22:20:18.849 INFO  BSP version: 19
22:20:18.849 INFO  Game: Half-Life 2
22:20:18.865 INFO  Equal amount of areaporal entities and areaportal brushes. Using 'Ordered' method
22:20:18.867 INFO  Unequal amount of occluder faces and occluder brush faces. Falling back to 'Manual' method
22:20:18.904 INFO  2419 (30.4%) exact brushside->origface matches
22:20:18.904 INFO  24/399 (nondisp/disp) original faces left after exact brushside->origface matching
22:20:18.912 INFO  180 (2.3%) partial brushside->origface matches
22:20:18.912 INFO  Writing brushes and planes
22:20:18.994 INFO  Writing displacements
22:20:19.094 INFO  Writing entities
22:20:19.137 INFO  Writing func_details
22:20:19.205 INFO  Writing info_overlays
22:20:19.206 INFO  Writing prop_statics
22:20:19.210 INFO  Writing env_cubemaps
22:20:19.211 INFO  Writing func_ladders
22:20:19.212 INFO  Finished decompiling C:\Program Files (x86)\Steam\steamapps\sourcemods\zloylife\maps\d2_coast_12.bsp.
