22:20:13.936 INFO  Loading C:\Program Files (x86)\Steam\steamapps\sourcemods\zloylife\maps\d2_coast_08.bsp
22:20:14.792 INFO  Using 'DStaticPropV5' for sprp version 5
22:20:14.842 WARN  Tried reading lump 'LUMP_DISP_MULTIBLEND', but it is not supported by the bsp's version
22:20:14.847 WARN  Lump LUMP_OVERLAYS is empty
22:20:14.847 WARN  Tried reading lump 'LUMP_OVERLAY_FADES', but it is not supported by the bsp's version
22:20:14.847 WARN  Tried reading lump 'LUMP_OVERLAY_SYSTEM_LEVELS', but it is not supported by the bsp's version
22:20:14.847 WARN  Tried reading lump 'LUMP_MAP_FLAGS', but it is not supported by the bsp's version
22:20:14.848 INFO  BSP version: 19
22:20:14.848 INFO  Game: Half-Life 2
22:20:14.853 INFO  Equal amount of areaporal entities and areaportal brushes. Using 'Ordered' method
22:20:14.855 INFO  Unequal amount of occluder faces and occluder brush faces. Falling back to 'Manual' method
22:20:14.913 INFO  4390 (34.8%) exact brushside->origface matches
22:20:14.913 INFO  1/196 (nondisp/disp) original faces left after exact brushside->origface matching
22:20:14.923 INFO  84 (0.7%) partial brushside->origface matches
22:20:14.923 INFO  Writing brushes and planes
22:20:15.023 INFO  Writing displacements
22:20:15.071 INFO  Writing entities
22:20:15.261 INFO  Writing func_details
22:20:15.447 INFO  Writing info_overlays
22:20:15.447 INFO  Writing prop_statics
22:20:15.450 INFO  Writing env_cubemaps
22:20:15.451 INFO  Writing func_ladders
22:20:15.451 INFO  Finished decompiling C:\Program Files (x86)\Steam\steamapps\sourcemods\zloylife\maps\d2_coast_08.bsp.
