22:20:15.064 INFO  Loading C:\Program Files (x86)\Steam\steamapps\sourcemods\zloylife\maps\d2_coast_09.bsp
22:20:16.519 INFO  Using 'DStaticPropV5' for sprp version 5
22:20:16.783 WARN  Tried reading lump 'LUMP_DISP_MULTIBLEND', but it is not supported by the bsp's version
22:20:16.850 WARN  Lump LUMP_OVERLAY_SYSTEM_LEVELS is empty
22:20:16.850 INFO  BSP version: 20
22:20:16.850 INFO  Game: Half-Life 2
22:20:16.859 INFO  Equal amount of areaporal entities and areaportal brushes. Using 'Ordered' method
22:20:16.863 INFO  Unequal amount of occluder faces and occluder brush faces. Falling back to 'Manual' method
22:20:20.284 INFO  4612 (35.1%) exact brushside->origface matches
22:20:20.285 INFO  14/180 (nondisp/disp) original faces left after exact brushside->origface matching
22:20:20.299 INFO  137 (1.0%) partial brushside->origface matches
22:20:20.299 INFO  Writing brushes and planes
22:20:20.470 INFO  Writing displacements
22:20:20.513 INFO  Writing entities
22:20:20.629 INFO  Writing func_details
22:20:20.698 INFO  Writing info_overlays
22:20:20.699 INFO  Writing prop_statics
22:20:20.705 INFO  Writing env_cubemaps
22:20:20.707 INFO  Writing func_ladders
22:20:20.707 INFO  Finished decompiling C:\Program Files (x86)\Steam\steamapps\sourcemods\zloylife\maps\d2_coast_09.bsp.
