22:20:13.277 INFO  Loading C:\Program Files (x86)\Steam\steamapps\sourcemods\zloylife\maps\d2_coast_01.bsp
22:20:13.445 INFO  Using 'DStaticPropV5' for sprp version 5
22:20:13.467 WARN  Tried reading lump 'LUMP_DISP_MULTIBLEND', but it is not supported by the bsp's version
22:20:13.471 WARN  Lump LUMP_OVERLAY_SYSTEM_LEVELS is empty
22:20:13.472 INFO  BSP version: 20
22:20:13.472 INFO  Game: Half-Life 2
22:20:13.477 INFO  Equal amount of areaporal entities and areaportal brushes. Using 'Ordered' method
22:20:13.478 INFO  No occluders to reallocate...
22:20:14.865 INFO  1484 (30.2%) exact brushside->origface matches
22:20:14.882 INFO  4/179 (nondisp/disp) original faces left after exact brushside->origface matching
22:20:14.886 INFO  58 (1.2%) partial brushside->origface matches
22:20:14.886 INFO  Writing brushes and planes
22:20:14.943 INFO  Writing displacements
22:20:14.985 INFO  Writing entities
22:20:15.002 INFO  Writing func_details
22:20:15.053 INFO  Writing info_overlays
22:20:15.056 INFO  Writing prop_statics
22:20:15.062 INFO  Writing env_cubemaps
22:20:15.063 INFO  Writing func_ladders
22:20:15.063 INFO  Finished decompiling C:\Program Files (x86)\Steam\steamapps\sourcemods\zloylife\maps\d2_coast_01.bsp.
