22:20:13.492 INFO  Loading C:\Program Files (x86)\Steam\steamapps\sourcemods\zloylife\maps\d2_coast_03.bsp
22:20:14.685 INFO  Using 'DStaticPropV5' for sprp version 5
22:20:14.721 WARN  Tried reading lump 'LUMP_DISP_MULTIBLEND', but it is not supported by the bsp's version
22:20:14.771 WARN  Lump LUMP_OVERLAY_SYSTEM_LEVELS is empty
22:20:14.771 INFO  BSP version: 20
22:20:14.771 INFO  Game: Half-Life 2
22:20:14.778 INFO  Equal amount of areaporal entities and areaportal brushes. Using 'Ordered' method
22:20:14.781 INFO  Unequal amount of occluder faces and occluder brush faces. Falling back to 'Manual' method
22:20:18.177 INFO  4121 (38.9%) exact brushside->origface matches
22:20:18.178 INFO  4/597 (nondisp/disp) original faces left after exact brushside->origface matching
22:20:18.187 INFO  158 (1.5%) partial brushside->origface matches
22:20:18.187 INFO  Writing brushes and planes
22:20:18.314 INFO  Writing displacements
22:20:18.446 INFO  Writing entities
22:20:18.512 INFO  Writing func_details
22:20:18.655 INFO  Writing info_overlays
22:20:18.657 INFO  Writing prop_statics
22:20:18.660 INFO  Writing env_cubemaps
22:20:18.662 INFO  Writing func_ladders
22:20:18.662 INFO  Finished decompiling C:\Program Files (x86)\Steam\steamapps\sourcemods\zloylife\maps\d2_coast_03.bsp.
