22:20:15.451 INFO  Loading C:\Program Files (x86)\Steam\steamapps\sourcemods\zloylife\maps\d2_coast_10.bsp
22:20:16.216 INFO  Using 'DStaticPropV5' for sprp version 5
22:20:16.523 WARN  Tried reading lump 'LUMP_DISP_MULTIBLEND', but it is not supported by the bsp's version
22:20:16.748 WARN  Tried reading lump 'LUMP_OVERLAY_FADES', but it is not supported by the bsp's version
22:20:16.748 WARN  Tried reading lump 'LUMP_OVERLAY_SYSTEM_LEVELS', but it is not supported by the bsp's version
22:20:16.748 WARN  Tried reading lump 'LUMP_MAP_FLAGS', but it is not supported by the bsp's version
22:20:16.752 INFO  BSP version: 19
22:20:16.752 INFO  Game: Half-Life 2
22:20:16.757 INFO  Equal amount of areaporal entities and areaportal brushes. Using 'Ordered' method
22:20:16.760 INFO  No occluders to reallocate...
22:20:16.808 INFO  3175 (29.5%) exact brushside->origface matches
22:20:16.808 INFO  19/191 (nondisp/disp) original faces left after exact brushside->origface matching
22:20:16.829 INFO  190 (1.8%) partial brushside->origface matches
22:20:16.829 INFO  Writing brushes and planes
22:20:16.956 INFO  Writing displacements
22:20:16.998 INFO  Writing entities
22:20:17.050 INFO  Writing func_details
22:20:17.119 INFO  Writing info_overlays
22:20:17.121 INFO  Writing prop_statics
22:20:17.123 INFO  Writing env_cubemaps
22:20:17.124 INFO  Writing func_ladders
22:20:17.124 INFO  Finished decompiling C:\Program Files (x86)\Steam\steamapps\sourcemods\zloylife\maps\d2_coast_10.bsp.
