22:20:13.743 INFO  Loading C:\Program Files (x86)\Steam\steamapps\sourcemods\zloylife\maps\d2_coast_07.bsp
22:20:14.844 INFO  Using 'DStaticPropV5' for sprp version 5
22:20:14.860 WARN  Tried reading lump 'LUMP_DISP_MULTIBLEND', but it is not supported by the bsp's version
22:20:15.539 WARN  Lump LUMP_OVERLAY_SYSTEM_LEVELS is empty
22:20:15.540 INFO  BSP version: 20
22:20:15.540 INFO  Game: Half-Life 2
22:20:15.550 INFO  Equal amount of areaporal entities and areaportal brushes. Using 'Ordered' method
22:20:15.554 INFO  Unequal amount of occluder faces and occluder brush faces. Falling back to 'Manual' method
22:20:18.760 INFO  4803 (37.9%) exact brushside->origface matches
22:20:18.760 INFO  3/279 (nondisp/disp) original faces left after exact brushside->origface matching
22:20:18.773 INFO  108 (0.9%) partial brushside->origface matches
22:20:18.773 INFO  Writing brushes and planes
22:20:18.853 INFO  Writing displacements
22:20:18.913 INFO  Writing entities
22:20:19.002 INFO  Writing func_details
22:20:19.139 INFO  Writing info_overlays
22:20:19.140 INFO  Writing prop_statics
22:20:19.146 INFO  Writing env_cubemaps
22:20:19.147 INFO  Writing func_ladders
22:20:19.147 INFO  Finished decompiling C:\Program Files (x86)\Steam\steamapps\sourcemods\zloylife\maps\d2_coast_07.bsp.
