22:20:18.663 INFO  Loading C:\Program Files (x86)\Steam\steamapps\sourcemods\zloylife\maps\d2_prison_02.bsp
22:20:19.033 INFO  Using 'DStaticPropV5' for sprp version 5
22:20:19.254 WARN  Tried reading lump 'LUMP_DISP_MULTIBLEND', but it is not supported by the bsp's version
22:20:19.377 WARN  Lump LUMP_OVERLAY_SYSTEM_LEVELS is empty
22:20:19.377 INFO  BSP version: 20
22:20:19.377 INFO  Game: Half-Life 2
22:20:19.384 INFO  Unequal amount of areaporal entities and areaportal brushes. Falling back to 'Manual' method
22:20:19.389 INFO  No occluders to reallocate...
22:20:20.435 INFO  4588 (35.4%) exact brushside->origface matches
22:20:20.445 INFO  6/26 (nondisp/disp) original faces left after exact brushside->origface matching
22:20:20.461 INFO  147 (1.1%) partial brushside->origface matches
22:20:20.462 INFO  Writing brushes and planes
22:20:20.697 INFO  Writing displacements
22:20:20.703 INFO  Writing entities
22:20:20.706 WARN  func_areaportal links to non existing areaportal or has invalid geometry, skipping...
22:20:20.725 INFO  Writing func_details
22:20:20.919 INFO  Writing info_overlays
22:20:20.920 INFO  Writing prop_statics
22:20:20.930 INFO  Writing env_cubemaps
22:20:20.931 INFO  Writing func_ladders
22:20:20.932 INFO  Finished decompiling C:\Program Files (x86)\Steam\steamapps\sourcemods\zloylife\maps\d2_prison_02.bsp.
