22:20:20.708 INFO  Loading C:\Program Files (x86)\Steam\steamapps\sourcemods\zloylife\maps\d2_prison_08.bsp
22:20:21.266 INFO  Using 'DStaticPropV5' for sprp version 5
22:20:21.291 WARN  Tried reading lump 'LUMP_DISP_MULTIBLEND', but it is not supported by the bsp's version
22:20:21.336 WARN  Tried reading lump 'LUMP_OVERLAY_FADES', but it is not supported by the bsp's version
22:20:21.337 WARN  Tried reading lump 'LUMP_OVERLAY_SYSTEM_LEVELS', but it is not supported by the bsp's version
22:20:21.337 WARN  Tried reading lump 'LUMP_MAP_FLAGS', but it is not supported by the bsp's version
22:20:21.338 INFO  BSP version: 19
22:20:21.338 INFO  Game: Half-Life 2
22:20:21.342 INFO  Equal amount of areaporal entities and areaportal brushes. Using 'Ordered' method
22:20:21.345 INFO  No occluders to reallocate...
22:20:21.390 INFO  4276 (35.1%) exact brushside->origface matches
22:20:21.390 INFO  0/18 (nondisp/disp) original faces left after exact brushside->origface matching
22:20:21.401 INFO  236 (1.9%) partial brushside->origface matches
22:20:21.401 INFO  Writing brushes and planes
22:20:21.616 INFO  Writing displacements
22:20:21.621 INFO  Writing entities
22:20:21.683 INFO  Writing func_details
22:20:21.939 INFO  Writing info_overlays
22:20:21.940 INFO  Writing prop_statics
22:20:21.947 INFO  Writing env_cubemaps
22:20:21.947 INFO  Writing func_ladders
22:20:21.951 INFO  Finished decompiling C:\Program Files (x86)\Steam\steamapps\sourcemods\zloylife\maps\d2_prison_08.bsp.
