22:20:18.379 INFO  Loading C:\Program Files (x86)\Steam\steamapps\sourcemods\zloylife\maps\d2_prison_01.bsp
22:20:18.749 INFO  Using 'DStaticPropV5' for sprp version 5
22:20:18.754 WARN  Tried reading lump 'LUMP_DISP_MULTIBLEND', but it is not supported by the bsp's version
22:20:18.803 WARN  Lump LUMP_OVERLAY_SYSTEM_LEVELS is empty
22:20:18.803 INFO  BSP version: 20
22:20:18.803 INFO  Game: Half-Life 2
22:20:18.829 INFO  Equal amount of areaporal entities and areaportal brushes. Using 'Ordered' method
22:20:18.830 INFO  Unequal amount of occluder faces and occluder brush faces. Falling back to 'Manual' method
22:20:19.761 INFO  2133 (31.1%) exact brushside->origface matches
22:20:19.762 INFO  4/67 (nondisp/disp) original faces left after exact brushside->origface matching
22:20:19.767 INFO  75 (1.1%) partial brushside->origface matches
22:20:19.767 INFO  Writing brushes and planes
22:20:19.850 INFO  Writing displacements
22:20:19.865 INFO  Writing entities
22:20:19.891 INFO  Writing func_details
22:20:20.080 INFO  Writing info_overlays
22:20:20.084 INFO  Writing prop_statics
22:20:20.087 INFO  Writing env_cubemaps
22:20:20.088 INFO  Writing func_ladders
22:20:20.089 INFO  Finished decompiling C:\Program Files (x86)\Steam\steamapps\sourcemods\zloylife\maps\d2_prison_01.bsp.
