22:20:20.089 INFO  Loading C:\Program Files (x86)\Steam\steamapps\sourcemods\zloylife\maps\d2_prison_05.bsp
22:20:20.398 INFO  Using 'DStaticPropV5' for sprp version 5
22:20:20.466 WARN  Tried reading lump 'LUMP_DISP_MULTIBLEND', but it is not supported by the bsp's version
22:20:20.642 WARN  Lump LUMP_OVERLAY_SYSTEM_LEVELS is empty
22:20:20.642 INFO  BSP version: 20
22:20:20.642 INFO  Game: Half-Life 2
22:20:20.648 INFO  Equal amount of areaporal entities and areaportal brushes. Using 'Ordered' method
22:20:20.651 INFO  No occluders to reallocate...
22:20:21.621 INFO  5988 (33.9%) exact brushside->origface matches
22:20:21.622 INFO  7/52 (nondisp/disp) original faces left after exact brushside->origface matching
22:20:21.641 INFO  224 (1.3%) partial brushside->origface matches
22:20:21.641 INFO  Writing brushes and planes
22:20:22.160 INFO  Writing displacements
22:20:22.178 INFO  Writing entities
22:20:22.275 INFO  Writing func_details
22:20:22.721 INFO  Writing info_overlays
22:20:22.721 INFO  Writing prop_statics
22:20:22.766 INFO  Writing env_cubemaps
22:20:22.767 INFO  Writing func_ladders
22:20:22.774 INFO  Finished decompiling C:\Program Files (x86)\Steam\steamapps\sourcemods\zloylife\maps\d2_prison_05.bsp.
