22:20:19.148 INFO  Loading C:\Program Files (x86)\Steam\steamapps\sourcemods\zloylife\maps\d2_prison_03.bsp
22:20:20.105 INFO  Using 'DStaticPropV5' for sprp version 5
22:20:20.187 WARN  Tried reading lump 'LUMP_DISP_MULTIBLEND', but it is not supported by the bsp's version
22:20:20.195 WARN  Lump LUMP_OVERLAY_SYSTEM_LEVELS is empty
22:20:20.196 INFO  BSP version: 20
22:20:20.196 INFO  Game: Half-Life 2
22:20:20.217 INFO  Equal amount of areaporal entities and areaportal brushes. Using 'Ordered' method
22:20:20.220 INFO  Unequal amount of occluder faces and occluder brush faces. Falling back to 'Manual' method
22:20:21.498 INFO  5965 (31.4%) exact brushside->origface matches
22:20:21.498 INFO  4/37 (nondisp/disp) original faces left after exact brushside->origface matching
22:20:21.521 INFO  276 (1.5%) partial brushside->origface matches
22:20:21.522 INFO  Writing brushes and planes
22:20:22.007 INFO  Writing displacements
22:20:22.022 INFO  Writing entities
22:20:22.108 INFO  Writing func_details
22:20:22.589 INFO  Writing info_overlays
22:20:22.589 INFO  Writing prop_statics
22:20:22.597 INFO  Writing env_cubemaps
22:20:22.600 INFO  Writing func_ladders
22:20:22.604 INFO  Finished decompiling C:\Program Files (x86)\Steam\steamapps\sourcemods\zloylife\maps\d2_prison_03.bsp.
