22:20:20.425 INFO  Loading C:\Program Files (x86)\Steam\steamapps\sourcemods\zloylife\maps\d2_prison_07.bsp
22:20:21.213 INFO  Using 'DStaticPropV5' for sprp version 5
22:20:21.264 WARN  Lump LUMP_DISPINFO is empty
22:20:21.265 WARN  Lump LUMP_DISP_VERTS is empty
22:20:21.265 WARN  Lump LUMP_DISP_TRIS is empty
22:20:21.265 WARN  Tried reading lump 'LUMP_DISP_MULTIBLEND', but it is not supported by the bsp's version
22:20:21.284 WARN  Lump LUMP_OVERLAY_SYSTEM_LEVELS is empty
22:20:21.284 INFO  BSP version: 20
22:20:21.284 INFO  Game: Half-Life 2
22:20:21.288 INFO  Equal amount of areaporal entities and areaportal brushes. Using 'Ordered' method
22:20:21.291 INFO  No occluders to reallocate...
22:20:22.011 INFO  6705 (38.7%) exact brushside->origface matches
22:20:22.011 INFO  1/0 (nondisp/disp) original faces left after exact brushside->origface matching
22:20:22.043 INFO  253 (1.5%) partial brushside->origface matches
22:20:22.044 INFO  Writing brushes and planes
22:20:22.575 INFO  Writing displacements
22:20:22.575 INFO  Writing entities
22:20:22.679 INFO  Writing func_details
22:20:22.987 INFO  Writing info_overlays
22:20:22.989 INFO  Writing prop_statics
22:20:23.069 INFO  Writing env_cubemaps
22:20:23.070 INFO  Writing func_ladders
22:20:23.071 INFO  Finished decompiling C:\Program Files (x86)\Steam\steamapps\sourcemods\zloylife\maps\d2_prison_07.bsp.
