22:20:20.260 INFO  Loading C:\Program Files (x86)\Steam\steamapps\sourcemods\zloylife\maps\d2_prison_06.bsp
22:20:21.026 INFO  Using 'DStaticPropV5' for sprp version 5
22:20:21.102 WARN  Tried reading lump 'LUMP_DISP_MULTIBLEND', but it is not supported by the bsp's version
22:20:21.171 WARN  Lump LUMP_OVERLAY_SYSTEM_LEVELS is empty
22:20:21.171 INFO  BSP version: 20
22:20:21.171 INFO  Game: Half-Life 2
22:20:21.178 INFO  Unequal amount of areaporal entities and areaportal brushes. Falling back to 'Manual' method
22:20:21.185 INFO  No occluders to reallocate...
22:20:22.119 INFO  6270 (34.5%) exact brushside->origface matches
22:20:22.184 INFO  0/21 (nondisp/disp) original faces left after exact brushside->origface matching
22:20:22.205 INFO  307 (1.7%) partial brushside->origface matches
22:20:22.206 INFO  Writing brushes and planes
22:20:22.773 INFO  Writing displacements
22:20:22.780 INFO  Writing entities
22:20:22.829 WARN  func_areaportal links to non existing areaportal or has invalid geometry, skipping...
22:20:22.878 INFO  Writing func_details
22:20:23.172 INFO  Writing info_overlays
22:20:23.182 INFO  Writing prop_statics
22:20:23.205 INFO  Writing env_cubemaps
22:20:23.206 INFO  Writing func_ladders
22:20:23.208 INFO  Finished decompiling C:\Program Files (x86)\Steam\steamapps\sourcemods\zloylife\maps\d2_prison_06.bsp.
