22:20:19.212 INFO  Loading C:\Program Files (x86)\Steam\steamapps\sourcemods\zloylife\maps\d2_prison_04.bsp
22:20:19.814 INFO  Using 'DStaticPropV5' for sprp version 5
22:20:19.829 WARN  Tried reading lump 'LUMP_DISP_MULTIBLEND', but it is not supported by the bsp's version
22:20:19.854 WARN  Tried reading lump 'LUMP_OVERLAY_FADES', but it is not supported by the bsp's version
22:20:19.855 WARN  Tried reading lump 'LUMP_OVERLAY_SYSTEM_LEVELS', but it is not supported by the bsp's version
22:20:19.855 WARN  Tried reading lump 'LUMP_MAP_FLAGS', but it is not supported by the bsp's version
22:20:19.869 INFO  BSP version: 19
22:20:19.869 INFO  Game: Half-Life 2
22:20:19.873 INFO  Equal amount of areaporal entities and areaportal brushes. Using 'Ordered' method
22:20:19.874 INFO  No occluders to reallocate...
22:20:19.912 INFO  3300 (33.3%) exact brushside->origface matches
22:20:19.912 INFO  3/20 (nondisp/disp) original faces left after exact brushside->origface matching
22:20:19.922 INFO  158 (1.6%) partial brushside->origface matches
22:20:19.922 INFO  Writing brushes and planes
22:20:20.298 INFO  Writing displacements
22:20:20.304 INFO  Writing entities
22:20:20.336 INFO  Writing func_details
22:20:20.418 INFO  Writing info_overlays
22:20:20.418 INFO  Writing prop_statics
22:20:20.423 INFO  Writing env_cubemaps
22:20:20.423 INFO  Writing func_ladders
22:20:20.424 INFO  Finished decompiling C:\Program Files (x86)\Steam\steamapps\sourcemods\zloylife\maps\d2_prison_04.bsp.
