22:20:20.933 INFO  Loading C:\Program Files (x86)\Steam\steamapps\sourcemods\zloylife\maps\d3_breen_01.bsp
22:20:21.502 INFO  Using 'DStaticPropV5' for sprp version 5
22:20:21.573 WARN  Lump LUMP_DISPINFO is empty
22:20:21.573 WARN  Lump LUMP_DISP_VERTS is empty
22:20:21.573 WARN  Lump LUMP_DISP_TRIS is empty
22:20:21.573 WARN  Tried reading lump 'LUMP_DISP_MULTIBLEND', but it is not supported by the bsp's version
22:20:21.667 WARN  Tried reading lump 'LUMP_OVERLAY_FADES', but it is not supported by the bsp's version
22:20:21.667 WARN  Tried reading lump 'LUMP_OVERLAY_SYSTEM_LEVELS', but it is not supported by the bsp's version
22:20:21.668 WARN  Tried reading lump 'LUMP_MAP_FLAGS', but it is not supported by the bsp's version
22:20:21.668 INFO  BSP version: 19
22:20:21.668 INFO  Game: Half-Life 2
22:20:21.678 INFO  Equal amount of areaporal entities and areaportal brushes. Using 'Ordered' method
22:20:21.682 INFO  No occluders to reallocate...
22:20:21.908 INFO  6670 (31.6%) exact brushside->origface matches
22:20:21.909 INFO  4/0 (nondisp/disp) original faces left after exact brushside->origface matching
22:20:21.947 INFO  244 (1.2%) partial brushside->origface matches
22:20:21.947 INFO  Writing brushes and planes
22:20:22.283 INFO  Writing displacements
22:20:22.284 INFO  Writing entities
22:20:22.687 INFO  Writing func_details
22:20:22.992 INFO  Writing info_overlays
22:20:22.994 INFO  Writing prop_statics
22:20:22.998 INFO  Writing env_cubemaps
22:20:23.060 INFO  Writing func_ladders
22:20:23.063 INFO  Finished decompiling C:\Program Files (x86)\Steam\steamapps\sourcemods\zloylife\maps\d3_breen_01.bsp.
