22:20:24.858 INFO  Loading C:\Program Files (x86)\Steam\steamapps\sourcemods\zloylife\maps\d3_c17_10a.bsp
22:20:25.088 INFO  Using 'DStaticPropV5' for sprp version 5
22:20:25.106 WARN  Tried reading lump 'LUMP_DISP_MULTIBLEND', but it is not supported by the bsp's version
22:20:25.109 WARN  Tried reading lump 'LUMP_OVERLAY_FADES', but it is not supported by the bsp's version
22:20:25.109 WARN  Tried reading lump 'LUMP_OVERLAY_SYSTEM_LEVELS', but it is not supported by the bsp's version
22:20:25.109 WARN  Tried reading lump 'LUMP_MAP_FLAGS', but it is not supported by the bsp's version
22:20:25.109 INFO  BSP version: 19
22:20:25.110 INFO  Game: Half-Life 2
22:20:25.119 INFO  Equal amount of areaporal entities and areaportal brushes. Using 'Ordered' method
22:20:25.121 INFO  Unequal amount of occluder faces and occluder brush faces. Falling back to 'Manual' method
22:20:25.185 INFO  4100 (29.9%) exact brushside->origface matches
22:20:25.185 INFO  0/18 (nondisp/disp) original faces left after exact brushside->origface matching
22:20:25.201 INFO  142 (1.0%) partial brushside->origface matches
22:20:25.201 INFO  Writing brushes and planes
22:20:25.542 INFO  Writing displacements
22:20:25.549 INFO  Writing entities
22:20:25.641 INFO  Writing func_details
22:20:25.798 INFO  Writing info_overlays
22:20:25.798 INFO  Writing prop_statics
22:20:25.803 INFO  Writing env_cubemaps
22:20:25.804 INFO  Writing func_ladders
22:20:25.804 INFO  Finished decompiling C:\Program Files (x86)\Steam\steamapps\sourcemods\zloylife\maps\d3_c17_10a.bsp.
