22:19:54.613 INFO  Loading C:\Program Files (x86)\Steam\steamapps\sourcemods\zloylife\maps\d3_citadel_01.bsp
22:19:56.506 INFO  Using 'DStaticPropV5' for sprp version 5
22:19:56.707 WARN  Tried reading lump 'LUMP_DISP_MULTIBLEND', but it is not supported by the bsp's version
22:19:56.809 WARN  Lump LUMP_OVERLAYS is empty
22:19:56.812 WARN  Tried reading lump 'LUMP_OVERLAY_FADES', but it is not supported by the bsp's version
22:19:56.812 WARN  Tried reading lump 'LUMP_OVERLAY_SYSTEM_LEVELS', but it is not supported by the bsp's version
22:19:56.813 WARN  Tried reading lump 'LUMP_MAP_FLAGS', but it is not supported by the bsp's version
22:19:56.815 INFO  BSP version: 19
22:19:56.816 INFO  Game: Half-Life 2
22:19:56.931 INFO  Equal amount of areaporal entities and areaportal brushes. Using 'Ordered' method
22:19:56.965 INFO  Unequal amount of occluder faces and occluder brush faces. Falling back to 'Manual' method
22:19:57.590 INFO  5172 (39.2%) exact brushside->origface matches
22:19:57.591 INFO  0/111 (nondisp/disp) original faces left after exact brushside->origface matching
22:19:57.778 INFO  301 (2.3%) partial brushside->origface matches
22:19:57.779 INFO  Writing brushes and planes
22:19:58.441 INFO  Writing displacements
22:19:58.533 INFO  Writing entities
22:19:58.704 INFO  Writing func_details
22:19:59.354 INFO  Writing info_overlays
22:19:59.354 INFO  Writing prop_statics
22:19:59.359 INFO  Writing env_cubemaps
22:19:59.360 INFO  Writing func_ladders
22:19:59.361 INFO  Finished decompiling C:\Program Files (x86)\Steam\steamapps\sourcemods\zloylife\maps\d3_citadel_01.bsp.
