22:19:54.612 INFO  Loading C:\Program Files (x86)\Steam\steamapps\sourcemods\zloylife\maps\d3_c17_11.bsp
22:19:56.506 INFO  Using 'DStaticPropV5' for sprp version 5
22:19:56.710 WARN  Tried reading lump 'LUMP_DISP_MULTIBLEND', but it is not supported by the bsp's version
22:19:56.824 WARN  Lump LUMP_OVERLAYS is empty
22:19:57.513 WARN  Tried reading lump 'LUMP_OVERLAY_FADES', but it is not supported by the bsp's version
22:19:57.514 WARN  Tried reading lump 'LUMP_OVERLAY_SYSTEM_LEVELS', but it is not supported by the bsp's version
22:19:57.517 WARN  Tried reading lump 'LUMP_MAP_FLAGS', but it is not supported by the bsp's version
22:19:57.699 INFO  BSP version: 19
22:19:57.790 INFO  Game: Half-Life 2
22:19:58.015 INFO  Equal amount of areaporal entities and areaportal brushes. Using 'Ordered' method
22:19:58.967 INFO  Unequal amount of occluder faces and occluder brush faces. Falling back to 'Manual' method
22:19:59.916 INFO  3240 (28.6%) exact brushside->origface matches
22:20:01.452 INFO  0/18 (nondisp/disp) original faces left after exact brushside->origface matching
22:20:01.916 INFO  177 (1.6%) partial brushside->origface matches
22:20:01.916 INFO  Writing brushes and planes
22:20:02.831 INFO  Writing displacements
22:20:02.843 INFO  Writing entities
22:20:02.897 INFO  Writing func_details
22:20:03.356 INFO  Writing info_overlays
22:20:03.357 INFO  Writing prop_statics
22:20:03.367 INFO  Writing env_cubemaps
22:20:03.368 INFO  Writing func_ladders
22:20:03.369 INFO  Finished decompiling C:\Program Files (x86)\Steam\steamapps\sourcemods\zloylife\maps\d3_c17_11.bsp.
