22:20:24.663 INFO  Loading C:\Program Files (x86)\Steam\steamapps\sourcemods\zloylife\maps\d3_c17_09.bsp
22:20:25.076 INFO  Using 'DStaticPropV5' for sprp version 5
22:20:25.081 WARN  Lump LUMP_CLIPPORTALVERTS is empty
22:20:25.082 WARN  Tried reading lump 'LUMP_DISP_MULTIBLEND', but it is not supported by the bsp's version
22:20:25.085 WARN  Tried reading lump 'LUMP_OVERLAY_FADES', but it is not supported by the bsp's version
22:20:25.086 WARN  Tried reading lump 'LUMP_OVERLAY_SYSTEM_LEVELS', but it is not supported by the bsp's version
22:20:25.086 WARN  Tried reading lump 'LUMP_MAP_FLAGS', but it is not supported by the bsp's version
22:20:25.086 INFO  BSP version: 19
22:20:25.086 INFO  Game: Half-Life 2
22:20:25.099 INFO  No areaportals to reallocate...
22:20:25.100 INFO  Unequal amount of occluder faces and occluder brush faces. Falling back to 'Manual' method
22:20:25.184 INFO  3013 (25.9%) exact brushside->origface matches
22:20:25.185 INFO  1/7 (nondisp/disp) original faces left after exact brushside->origface matching
22:20:25.198 INFO  173 (1.5%) partial brushside->origface matches
22:20:25.199 INFO  Writing brushes and planes
22:20:25.587 INFO  Writing displacements
22:20:25.591 INFO  Writing entities
22:20:25.630 INFO  Writing func_details
22:20:25.707 INFO  Writing info_overlays
22:20:25.707 INFO  Writing prop_statics
22:20:25.714 INFO  Writing env_cubemaps
22:20:25.715 INFO  Writing func_ladders
22:20:25.716 INFO  Finished decompiling C:\Program Files (x86)\Steam\steamapps\sourcemods\zloylife\maps\d3_c17_09.bsp.
