22:20:21.952 INFO  Loading C:\Program Files (x86)\Steam\steamapps\sourcemods\zloylife\maps\d3_c17_01.bsp
22:20:22.330 INFO  Using 'DStaticPropV5' for sprp version 5
22:20:22.333 WARN  Tried reading lump 'LUMP_DISP_MULTIBLEND', but it is not supported by the bsp's version
22:20:22.334 WARN  Tried reading lump 'LUMP_OVERLAY_FADES', but it is not supported by the bsp's version
22:20:22.334 WARN  Tried reading lump 'LUMP_OVERLAY_SYSTEM_LEVELS', but it is not supported by the bsp's version
22:20:22.334 WARN  Tried reading lump 'LUMP_MAP_FLAGS', but it is not supported by the bsp's version
22:20:22.335 INFO  BSP version: 19
22:20:22.335 INFO  Game: Half-Life 2
22:20:22.353 INFO  Equal amount of areaporal entities and areaportal brushes. Using 'Ordered' method
22:20:22.354 INFO  No occluders to reallocate...
22:20:22.388 INFO  2495 (38.1%) exact brushside->origface matches
22:20:22.389 INFO  0/10 (nondisp/disp) original faces left after exact brushside->origface matching
22:20:22.396 INFO  83 (1.3%) partial brushside->origface matches
22:20:22.396 INFO  Writing brushes and planes
22:20:22.612 INFO  Writing displacements
22:20:22.615 INFO  Writing entities
22:20:22.643 INFO  Writing func_details
22:20:22.801 INFO  Writing info_overlays
22:20:22.802 INFO  Writing prop_statics
22:20:22.805 INFO  Writing env_cubemaps
22:20:22.806 INFO  Writing func_ladders
22:20:22.806 INFO  Finished decompiling C:\Program Files (x86)\Steam\steamapps\sourcemods\zloylife\maps\d3_c17_01.bsp.
