22:20:23.447 INFO  Loading C:\Program Files (x86)\Steam\steamapps\sourcemods\zloylife\maps\d3_c17_08.bsp
22:20:24.417 INFO  Using 'DStaticPropV5' for sprp version 5
22:20:24.423 WARN  Tried reading lump 'LUMP_DISP_MULTIBLEND', but it is not supported by the bsp's version
22:20:24.427 WARN  Lump LUMP_OVERLAYS is empty
22:20:24.427 WARN  Tried reading lump 'LUMP_OVERLAY_FADES', but it is not supported by the bsp's version
22:20:24.427 WARN  Tried reading lump 'LUMP_OVERLAY_SYSTEM_LEVELS', but it is not supported by the bsp's version
22:20:24.427 WARN  Tried reading lump 'LUMP_MAP_FLAGS', but it is not supported by the bsp's version
22:20:24.428 INFO  BSP version: 19
22:20:24.428 INFO  Game: Half-Life 2
22:20:24.435 INFO  Equal amount of areaporal entities and areaportal brushes. Using 'Ordered' method
22:20:24.436 INFO  No occluders to reallocate...
22:20:24.630 INFO  5872 (42.1%) exact brushside->origface matches
22:20:24.630 INFO  3/144 (nondisp/disp) original faces left after exact brushside->origface matching
22:20:24.668 INFO  239 (1.7%) partial brushside->origface matches
22:20:24.669 INFO  Writing brushes and planes
22:20:24.971 INFO  Writing displacements
22:20:25.006 INFO  Writing entities
22:20:25.067 INFO  Writing func_details
22:20:25.272 INFO  Writing info_overlays
22:20:25.272 INFO  Writing prop_statics
22:20:25.298 INFO  Writing env_cubemaps
22:20:25.299 INFO  Writing func_ladders
22:20:25.300 INFO  Finished decompiling C:\Program Files (x86)\Steam\steamapps\sourcemods\zloylife\maps\d3_c17_08.bsp.
