22:19:54.612 INFO  Loading C:\Program Files (x86)\Steam\steamapps\sourcemods\zloylife\maps\d3_c17_12b.bsp
22:19:56.509 INFO  Using 'DStaticPropV5' for sprp version 5
22:19:56.640 WARN  Tried reading lump 'LUMP_DISP_MULTIBLEND', but it is not supported by the bsp's version
22:19:56.734 WARN  Lump LUMP_OVERLAYS is empty
22:19:56.735 WARN  Tried reading lump 'LUMP_OVERLAY_FADES', but it is not supported by the bsp's version
22:19:56.737 WARN  Tried reading lump 'LUMP_OVERLAY_SYSTEM_LEVELS', but it is not supported by the bsp's version
22:19:56.737 WARN  Tried reading lump 'LUMP_MAP_FLAGS', but it is not supported by the bsp's version
22:19:56.808 INFO  BSP version: 19
22:19:56.808 INFO  Game: SiN Episodes: Emergence
22:19:56.932 INFO  Equal amount of areaporal entities and areaportal brushes. Using 'Ordered' method
22:19:56.968 INFO  No occluders to reallocate...
22:19:57.550 INFO  2113 (35.2%) exact brushside->origface matches
22:19:57.551 INFO  1/2 (nondisp/disp) original faces left after exact brushside->origface matching
22:19:57.762 INFO  88 (1.5%) partial brushside->origface matches
22:19:57.764 INFO  Writing brushes and planes
22:19:58.880 INFO  Writing displacements
22:19:58.884 INFO  Writing entities
22:19:58.940 INFO  Writing func_details
22:19:59.230 INFO  Writing info_overlays
22:19:59.230 INFO  Writing prop_statics
22:19:59.237 INFO  Writing env_cubemaps
22:19:59.242 INFO  Writing func_ladders
22:19:59.245 INFO  Finished decompiling C:\Program Files (x86)\Steam\steamapps\sourcemods\zloylife\maps\d3_c17_12b.bsp.
