22:19:54.613 INFO  Loading C:\Program Files (x86)\Steam\steamapps\sourcemods\zloylife\maps\d3_c17_12.bsp
22:19:56.508 INFO  Using 'DStaticPropV5' for sprp version 5
22:19:56.710 WARN  Tried reading lump 'LUMP_DISP_MULTIBLEND', but it is not supported by the bsp's version
22:19:56.826 WARN  Tried reading lump 'LUMP_OVERLAY_FADES', but it is not supported by the bsp's version
22:19:56.826 WARN  Tried reading lump 'LUMP_OVERLAY_SYSTEM_LEVELS', but it is not supported by the bsp's version
22:19:56.827 WARN  Tried reading lump 'LUMP_MAP_FLAGS', but it is not supported by the bsp's version
22:19:56.828 INFO  BSP version: 19
22:19:56.828 INFO  Game: Half-Life 2
22:19:56.942 INFO  Equal amount of areaporal entities and areaportal brushes. Using 'Ordered' method
22:19:56.966 INFO  Unequal amount of occluder faces and occluder brush faces. Falling back to 'Manual' method
22:19:57.782 INFO  3549 (32.4%) exact brushside->origface matches
22:19:57.783 INFO  0/126 (nondisp/disp) original faces left after exact brushside->origface matching
22:19:58.127 INFO  127 (1.2%) partial brushside->origface matches
22:19:58.128 INFO  Writing brushes and planes
22:19:59.174 INFO  Writing displacements
22:19:59.282 INFO  Writing entities
22:19:59.403 INFO  Writing func_details
22:19:59.891 INFO  Writing info_overlays
22:19:59.894 INFO  Writing prop_statics
22:19:59.902 INFO  Writing env_cubemaps
22:19:59.904 INFO  Writing func_ladders
22:19:59.905 INFO  Finished decompiling C:\Program Files (x86)\Steam\steamapps\sourcemods\zloylife\maps\d3_c17_12.bsp.
