22:19:59.246 INFO  Loading C:\Program Files (x86)\Steam\steamapps\sourcemods\zloylife\maps\d3_citadel_03.bsp
22:19:59.497 INFO  Using 'DStaticPropV5' for sprp version 5
22:19:59.524 WARN  Lump LUMP_CLIPPORTALVERTS is empty
22:19:59.556 WARN  Tried reading lump 'LUMP_DISP_MULTIBLEND', but it is not supported by the bsp's version
22:19:59.561 WARN  Lump LUMP_OVERLAYS is empty
22:19:59.561 WARN  Tried reading lump 'LUMP_OVERLAY_FADES', but it is not supported by the bsp's version
22:19:59.561 WARN  Tried reading lump 'LUMP_OVERLAY_SYSTEM_LEVELS', but it is not supported by the bsp's version
22:19:59.562 WARN  Tried reading lump 'LUMP_MAP_FLAGS', but it is not supported by the bsp's version
22:19:59.562 INFO  BSP version: 19
22:19:59.562 INFO  Game: Half-Life 2
22:19:59.579 INFO  No areaportals to reallocate...
22:19:59.585 INFO  No occluders to reallocate...
22:20:00.429 INFO  11076 (32.4%) exact brushside->origface matches
22:20:00.430 INFO  0/300 (nondisp/disp) original faces left after exact brushside->origface matching
22:20:01.003 INFO  1581 (4.6%) partial brushside->origface matches
22:20:01.004 INFO  Writing brushes and planes
22:20:01.375 INFO  Writing displacements
22:20:01.648 INFO  Writing entities
22:20:01.874 INFO  Writing func_details
22:20:04.014 INFO  Writing info_overlays
22:20:04.014 INFO  Writing prop_statics
22:20:04.021 INFO  Writing env_cubemaps
22:20:04.022 INFO  Writing func_ladders
22:20:04.023 INFO  Finished decompiling C:\Program Files (x86)\Steam\steamapps\sourcemods\zloylife\maps\d3_citadel_03.bsp.
