22:20:23.072 INFO  Loading C:\Program Files (x86)\Steam\steamapps\sourcemods\zloylife\maps\d3_c17_05.bsp
22:20:24.362 INFO  Using 'DStaticPropV5' for sprp version 5
22:20:24.395 WARN  Tried reading lump 'LUMP_DISP_MULTIBLEND', but it is not supported by the bsp's version
22:20:24.410 WARN  Tried reading lump 'LUMP_OVERLAY_FADES', but it is not supported by the bsp's version
22:20:24.410 WARN  Tried reading lump 'LUMP_OVERLAY_SYSTEM_LEVELS', but it is not supported by the bsp's version
22:20:24.411 WARN  Tried reading lump 'LUMP_MAP_FLAGS', but it is not supported by the bsp's version
22:20:24.411 INFO  BSP version: 19
22:20:24.411 INFO  Game: Half-Life 2
22:20:24.435 INFO  Equal amount of areaporal entities and areaportal brushes. Using 'Ordered' method
22:20:24.438 INFO  Unequal amount of occluder faces and occluder brush faces. Falling back to 'Manual' method
22:20:24.652 INFO  5717 (28.9%) exact brushside->origface matches
22:20:24.653 INFO  0/48 (nondisp/disp) original faces left after exact brushside->origface matching
22:20:24.680 INFO  398 (2.0%) partial brushside->origface matches
22:20:24.681 INFO  Writing brushes and planes
22:20:25.228 INFO  Writing displacements
22:20:25.241 INFO  Writing entities
22:20:25.346 INFO  Writing func_details
22:20:25.658 INFO  Writing info_overlays
22:20:25.659 INFO  Writing prop_statics
22:20:25.669 INFO  Writing env_cubemaps
22:20:25.671 INFO  Writing func_ladders
22:20:25.672 INFO  Finished decompiling C:\Program Files (x86)\Steam\steamapps\sourcemods\zloylife\maps\d3_c17_05.bsp.
