22:20:23.063 INFO  Loading C:\Program Files (x86)\Steam\steamapps\sourcemods\zloylife\maps\d3_c17_04.bsp
22:20:24.244 INFO  Using 'DStaticPropV5' for sprp version 5
22:20:24.246 WARN  Tried reading lump 'LUMP_DISP_MULTIBLEND', but it is not supported by the bsp's version
22:20:24.248 WARN  Tried reading lump 'LUMP_OVERLAY_FADES', but it is not supported by the bsp's version
22:20:24.248 WARN  Tried reading lump 'LUMP_OVERLAY_SYSTEM_LEVELS', but it is not supported by the bsp's version
22:20:24.248 WARN  Tried reading lump 'LUMP_MAP_FLAGS', but it is not supported by the bsp's version
22:20:24.248 INFO  BSP version: 19
22:20:24.249 INFO  Game: Half-Life 2
22:20:24.290 INFO  Equal amount of areaporal entities and areaportal brushes. Using 'Ordered' method
22:20:24.291 INFO  Unequal amount of occluder faces and occluder brush faces. Falling back to 'Manual' method
22:20:24.317 INFO  2200 (31.5%) exact brushside->origface matches
22:20:24.317 INFO  0/23 (nondisp/disp) original faces left after exact brushside->origface matching
22:20:24.323 INFO  178 (2.5%) partial brushside->origface matches
22:20:24.323 INFO  Writing brushes and planes
22:20:24.535 INFO  Writing displacements
22:20:24.544 INFO  Writing entities
22:20:24.571 INFO  Writing func_details
22:20:24.656 INFO  Writing info_overlays
22:20:24.656 INFO  Writing prop_statics
22:20:24.660 INFO  Writing env_cubemaps
22:20:24.662 INFO  Writing func_ladders
22:20:24.662 INFO  Finished decompiling C:\Program Files (x86)\Steam\steamapps\sourcemods\zloylife\maps\d3_c17_04.bsp.
