22:19:59.523 INFO  Loading C:\Program Files (x86)\Steam\steamapps\sourcemods\zloylife\maps\d3_citadel_05.bsp
22:19:59.860 INFO  Using 'DStaticPropV5' for sprp version 5
22:19:59.871 WARN  Lump LUMP_CLIPPORTALVERTS is empty
22:19:59.875 WARN  Tried reading lump 'LUMP_DISP_MULTIBLEND', but it is not supported by the bsp's version
22:19:59.907 WARN  Lump LUMP_OVERLAYS is empty
22:19:59.908 WARN  Tried reading lump 'LUMP_OVERLAY_FADES', but it is not supported by the bsp's version
22:19:59.909 WARN  Tried reading lump 'LUMP_OVERLAY_SYSTEM_LEVELS', but it is not supported by the bsp's version
22:19:59.918 WARN  Tried reading lump 'LUMP_MAP_FLAGS', but it is not supported by the bsp's version
22:19:59.919 INFO  BSP version: 19
22:19:59.919 INFO  Game: Half-Life 2
22:19:59.944 INFO  No areaportals to reallocate...
22:19:59.951 INFO  No occluders to reallocate...
22:20:00.411 INFO  8034 (30.0%) exact brushside->origface matches
22:20:00.411 INFO  0/174 (nondisp/disp) original faces left after exact brushside->origface matching
22:20:00.788 INFO  750 (2.8%) partial brushside->origface matches
22:20:00.788 INFO  Writing brushes and planes
22:20:01.080 INFO  Writing displacements
22:20:01.158 INFO  Writing entities
22:20:01.260 INFO  Writing func_details
22:20:02.410 INFO  Writing info_overlays
22:20:02.411 INFO  Writing prop_statics
22:20:02.442 INFO  Writing env_cubemaps
22:20:02.443 INFO  Writing func_ladders
22:20:02.444 INFO  Finished decompiling C:\Program Files (x86)\Steam\steamapps\sourcemods\zloylife\maps\d3_citadel_05.bsp.
