22:20:25.263 INFO  Loading C:\Program Files (x86)\Steam\steamapps\sourcemods\zloylife\maps\d3_c17_10b.bsp
22:20:25.463 INFO  Using 'DStaticPropV5' for sprp version 5
22:20:25.474 WARN  Tried reading lump 'LUMP_DISP_MULTIBLEND', but it is not supported by the bsp's version
22:20:25.479 WARN  Lump LUMP_OVERLAYS is empty
22:20:25.479 WARN  Tried reading lump 'LUMP_OVERLAY_FADES', but it is not supported by the bsp's version
22:20:25.479 WARN  Tried reading lump 'LUMP_OVERLAY_SYSTEM_LEVELS', but it is not supported by the bsp's version
22:20:25.479 WARN  Tried reading lump 'LUMP_MAP_FLAGS', but it is not supported by the bsp's version
22:20:25.480 INFO  BSP version: 19
22:20:25.480 INFO  Game: Half-Life 2
22:20:25.513 INFO  Equal amount of areaporal entities and areaportal brushes. Using 'Ordered' method
22:20:25.517 INFO  Unequal amount of occluder faces and occluder brush faces. Falling back to 'Manual' method
22:20:25.681 INFO  7901 (36.2%) exact brushside->origface matches
22:20:25.681 INFO  0/212 (nondisp/disp) original faces left after exact brushside->origface matching
22:20:25.719 INFO  634 (2.9%) partial brushside->origface matches
22:20:25.720 INFO  Writing brushes and planes
22:20:26.053 INFO  Writing displacements
22:20:26.122 INFO  Writing entities
22:20:26.212 INFO  Writing func_details
22:20:26.506 INFO  Writing info_overlays
22:20:26.507 INFO  Writing prop_statics
22:20:26.511 INFO  Writing env_cubemaps
22:20:26.513 INFO  Writing func_ladders
22:20:26.513 INFO  Finished decompiling C:\Program Files (x86)\Steam\steamapps\sourcemods\zloylife\maps\d3_c17_10b.bsp.
