22:20:23.208 INFO  Loading C:\Program Files (x86)\Steam\steamapps\sourcemods\zloylife\maps\d3_c17_06a.bsp
22:20:24.392 INFO  Using 'DStaticPropV5' for sprp version 5
22:20:24.396 WARN  Tried reading lump 'LUMP_DISP_MULTIBLEND', but it is not supported by the bsp's version
22:20:24.399 WARN  Tried reading lump 'LUMP_OVERLAY_FADES', but it is not supported by the bsp's version
22:20:24.400 WARN  Tried reading lump 'LUMP_OVERLAY_SYSTEM_LEVELS', but it is not supported by the bsp's version
22:20:24.400 WARN  Tried reading lump 'LUMP_MAP_FLAGS', but it is not supported by the bsp's version
22:20:24.409 INFO  BSP version: 19
22:20:24.409 INFO  Game: Half-Life 2
22:20:24.418 INFO  Equal amount of areaporal entities and areaportal brushes. Using 'Ordered' method
22:20:24.419 INFO  No occluders to reallocate...
22:20:24.553 INFO  2893 (32.4%) exact brushside->origface matches
22:20:24.553 INFO  1/10 (nondisp/disp) original faces left after exact brushside->origface matching
22:20:24.563 INFO  145 (1.6%) partial brushside->origface matches
22:20:24.564 INFO  Writing brushes and planes
22:20:24.709 INFO  Writing displacements
22:20:24.712 INFO  Writing entities
22:20:24.756 INFO  Writing func_details
22:20:24.851 INFO  Writing info_overlays
22:20:24.852 INFO  Writing prop_statics
22:20:24.856 INFO  Writing env_cubemaps
22:20:24.857 INFO  Writing func_ladders
22:20:24.857 INFO  Finished decompiling C:\Program Files (x86)\Steam\steamapps\sourcemods\zloylife\maps\d3_c17_06a.bsp.
