22:19:54.612 INFO  Loading C:\Program Files (x86)\Steam\steamapps\sourcemods\zloylife\maps\d3_citadel_02.bsp
22:19:56.506 INFO  Using 'DStaticPropV5' for sprp version 5
22:19:56.702 WARN  Lump LUMP_DISPINFO is empty
22:19:56.703 WARN  Lump LUMP_DISP_VERTS is empty
22:19:56.704 WARN  Lump LUMP_DISP_TRIS is empty
22:19:56.704 WARN  Tried reading lump 'LUMP_DISP_MULTIBLEND', but it is not supported by the bsp's version
22:19:56.844 WARN  Lump LUMP_OVERLAYS is empty
22:19:56.844 WARN  Tried reading lump 'LUMP_OVERLAY_FADES', but it is not supported by the bsp's version
22:19:56.844 WARN  Tried reading lump 'LUMP_OVERLAY_SYSTEM_LEVELS', but it is not supported by the bsp's version
22:19:56.846 WARN  Tried reading lump 'LUMP_MAP_FLAGS', but it is not supported by the bsp's version
22:19:56.847 INFO  BSP version: 19
22:19:56.847 INFO  Game: Half-Life 2
22:19:56.931 INFO  Equal amount of areaporal entities and areaportal brushes. Using 'Ordered' method
22:19:56.969 INFO  Unequal amount of occluder faces and occluder brush faces. Falling back to 'Manual' method
22:19:57.914 INFO  7474 (33.2%) exact brushside->origface matches
22:19:57.914 INFO  0/0 (nondisp/disp) original faces left after exact brushside->origface matching
22:19:58.422 INFO  548 (2.4%) partial brushside->origface matches
22:19:58.423 INFO  Writing brushes and planes
22:19:59.540 INFO  Writing displacements
22:19:59.540 INFO  Writing entities
22:19:59.981 INFO  Writing func_details
22:20:01.286 INFO  Writing info_overlays
22:20:01.286 INFO  Writing prop_statics
22:20:01.300 INFO  Writing env_cubemaps
22:20:01.300 INFO  Writing func_ladders
22:20:01.301 INFO  Finished decompiling C:\Program Files (x86)\Steam\steamapps\sourcemods\zloylife\maps\d3_citadel_02.bsp.
