22:20:22.605 INFO  Loading C:\Program Files (x86)\Steam\steamapps\sourcemods\zloylife\maps\d3_c17_02.bsp
22:20:22.692 INFO  Using 'DStaticPropV5' for sprp version 5
22:20:22.695 WARN  Tried reading lump 'LUMP_DISP_MULTIBLEND', but it is not supported by the bsp's version
22:20:22.700 WARN  Tried reading lump 'LUMP_OVERLAY_FADES', but it is not supported by the bsp's version
22:20:22.700 WARN  Tried reading lump 'LUMP_OVERLAY_SYSTEM_LEVELS', but it is not supported by the bsp's version
22:20:22.700 WARN  Tried reading lump 'LUMP_MAP_FLAGS', but it is not supported by the bsp's version
22:20:22.700 INFO  BSP version: 19
22:20:22.701 INFO  Game: Half-Life 2
22:20:22.741 INFO  Equal amount of areaporal entities and areaportal brushes. Using 'Ordered' method
22:20:22.744 INFO  No occluders to reallocate...
22:20:22.804 INFO  3408 (32.3%) exact brushside->origface matches
22:20:22.804 INFO  0/15 (nondisp/disp) original faces left after exact brushside->origface matching
22:20:22.816 INFO  202 (1.9%) partial brushside->origface matches
22:20:22.816 INFO  Writing brushes and planes
22:20:23.092 INFO  Writing displacements
22:20:23.098 INFO  Writing entities
22:20:23.137 INFO  Writing func_details
22:20:23.298 INFO  Writing info_overlays
22:20:23.300 INFO  Writing prop_statics
22:20:23.304 INFO  Writing env_cubemaps
22:20:23.305 INFO  Writing func_ladders
22:20:23.305 INFO  Finished decompiling C:\Program Files (x86)\Steam\steamapps\sourcemods\zloylife\maps\d3_c17_02.bsp.
