22:20:23.307 INFO  Loading C:\Program Files (x86)\Steam\steamapps\sourcemods\zloylife\maps\d3_c17_06b.bsp
22:20:24.424 INFO  Using 'DStaticPropV5' for sprp version 5
22:20:24.431 WARN  Tried reading lump 'LUMP_DISP_MULTIBLEND', but it is not supported by the bsp's version
22:20:24.435 WARN  Lump LUMP_OVERLAYS is empty
22:20:24.435 WARN  Tried reading lump 'LUMP_OVERLAY_FADES', but it is not supported by the bsp's version
22:20:24.435 WARN  Tried reading lump 'LUMP_OVERLAY_SYSTEM_LEVELS', but it is not supported by the bsp's version
22:20:24.435 WARN  Tried reading lump 'LUMP_MAP_FLAGS', but it is not supported by the bsp's version
22:20:24.436 INFO  BSP version: 19
22:20:24.436 INFO  Game: SiN Episodes: Emergence
22:20:24.449 INFO  Equal amount of areaporal entities and areaportal brushes. Using 'Ordered' method
22:20:24.451 INFO  Unequal amount of occluder faces and occluder brush faces. Falling back to 'Manual' method
22:20:24.603 INFO  5246 (32.0%) exact brushside->origface matches
22:20:24.603 INFO  1/107 (nondisp/disp) original faces left after exact brushside->origface matching
22:20:24.627 INFO  396 (2.4%) partial brushside->origface matches
22:20:24.627 INFO  Writing brushes and planes
22:20:25.069 INFO  Writing displacements
22:20:25.102 INFO  Writing entities
22:20:25.197 INFO  Writing func_details
22:20:25.357 INFO  Writing info_overlays
22:20:25.357 INFO  Writing prop_statics
22:20:25.363 INFO  Writing env_cubemaps
22:20:25.364 INFO  Writing func_ladders
22:20:25.365 INFO  Finished decompiling C:\Program Files (x86)\Steam\steamapps\sourcemods\zloylife\maps\d3_c17_06b.bsp.
