22:19:59.362 INFO  Loading C:\Program Files (x86)\Steam\steamapps\sourcemods\zloylife\maps\d3_citadel_04.bsp
22:19:59.888 INFO  Using 'DStaticPropV5' for sprp version 5
22:19:59.982 WARN  Tried reading lump 'LUMP_DISP_MULTIBLEND', but it is not supported by the bsp's version
22:20:00.003 WARN  Lump LUMP_OVERLAYS is empty
22:20:00.004 WARN  Tried reading lump 'LUMP_OVERLAY_FADES', but it is not supported by the bsp's version
22:20:00.004 WARN  Tried reading lump 'LUMP_OVERLAY_SYSTEM_LEVELS', but it is not supported by the bsp's version
22:20:00.004 WARN  Tried reading lump 'LUMP_MAP_FLAGS', but it is not supported by the bsp's version
22:20:00.010 INFO  BSP version: 19
22:20:00.010 INFO  Game: Half-Life 2
22:20:00.026 INFO  Equal amount of areaporal entities and areaportal brushes. Using 'Ordered' method
22:20:00.059 INFO  Unequal amount of occluder faces and occluder brush faces. Falling back to 'Manual' method
22:20:00.434 INFO  7494 (28.5%) exact brushside->origface matches
22:20:00.434 INFO  2/693 (nondisp/disp) original faces left after exact brushside->origface matching
22:20:00.781 INFO  657 (2.5%) partial brushside->origface matches
22:20:00.782 INFO  Writing brushes and planes
22:20:01.147 INFO  Writing displacements
22:20:01.461 INFO  Writing entities
22:20:01.640 INFO  Writing func_details
22:20:02.597 INFO  Writing info_overlays
22:20:02.598 INFO  Writing prop_statics
22:20:02.603 INFO  Writing env_cubemaps
22:20:02.604 INFO  Writing func_ladders
22:20:02.605 INFO  Finished decompiling C:\Program Files (x86)\Steam\steamapps\sourcemods\zloylife\maps\d3_citadel_04.bsp.
