


materialPath: C:\Program Files (x86)\Steam\steamapps\sourcemods\zloylife\materials
Loading c:\users\magicmanwiththinkpad\documents\zloylife\zloylife\maps\temp.vmf
Could not locate 'GameData' key in c:\program files (x86)\steam\steamapps\sourcemods\zloylife\gameinfo.txt
fixing up env_cubemap materials on brush sides...
0...1...2...3...4...5...6...7...8...9...100...1...2...3...4...5...6...7...8...9...10Processing areas...done (0)
Building Faces...done (0)
FixTjuncs...
PruneNodes...
WriteBSP...
done (0)
writing c:\users\magicmanwiththinkpad\documents\zloylife\zloylife\maps\temp.prt...Building visibility clusters...
done (0)
Creating default LDR cubemaps for env_cubemap using skybox materials:
   skybox/sky_day01_01*.vmt
 ! Run buildcubemaps in the engine to get the correct cube maps.
Creating default HDR cubemaps for env_cubemap using skybox materials:
   skybox/sky_day01_01*.vmt
 ! Run buildcubemaps in the engine to get the correct cube maps.
Finding displacement neighbors...
Finding lightmap sample positions...
Displacement Alpha : 0...1...2...3...4...5...6...7...8...9...10
Building Physics collision data...
done (0) (2282 bytes)
Placing detail props : 0...1...2...3...4...5...6...7...8...9...10
Compacting texture/material tables...
Reduced 3 texinfos to 3
Reduced 1 texdatas to 1 (22 bytes to 22)
Writing c:\users\magicmanwiththinkpad\documents\zloylife\zloylife\maps\temp.bsp
0 seconds elapsed



8 threads
reading c:\users\magicmanwiththinkpad\documents\zloylife\zloylife\maps\temp.bsp
reading c:\users\magicmanwiththinkpad\documents\zloylife\zloylife\maps\temp.prt
   2 portalclusters
   1 numportals
0...1...2...3...4...5...6...7...8...9...10Optimized: 0 visible clusters (0.00%)
Total clusters visible: 4
Average clusters visible: 2
Building PAS...
Average clusters audible: 2
visdatasize:24  compressed from 32
writing c:\users\magicmanwiththinkpad\documents\zloylife\zloylife\maps\temp.bsp
0 seconds elapsed
